<test-run id="2" testcasecount="5" result="Passed" start-time="2022-10-05 18:40:35.269810" end-time="2022-10-05 18:41:10.733219" duration="35" total="5" passed="5" failed="0" inconclusive="0" skipped="0" asserts="0" clr-version="3.10.5 (tags/v3.10.5:f377153, Jun  6 2022, 16:14:13) [MSC v.1929 64 bit (AMD64)]" engine-version="3.6.2"><command-line>C:\Users\logan.ferrera\AppData\Local\Programs\Python\Python310\Scripts\pytest --html=.\reports\Report.html --self-contained-html --doctest-modules --nunitxml=nunit/test-results.xml -n 3</command-line><filter /><test-suite id="tests/test_reviews_page.py" name="tests/test_reviews_page.py" fullname="tests/test_reviews_page.py" methodname="" classname="" runstate="Runnable" type="Assembly" testcasecount="5" result="Passed" label="" start-time="2022-10-05 18:40:44.206558" end-time="2022-10-05 18:41:05.437303" duration="21.230745" asserts="0" total="5" passed="5" failed="0" warnings="0" inconclusive="0" skipped="0"><properties><property name="python_version" value="3.10.5 (tags/v3.10.5:f377153, Jun  6 2022, 16:14:13) [MSC v.1929 64 bit (AMD64)]" /></properties><test-case id="100" name="tests/test_reviews_page.py::Test_Reviews_Page::test_main_header[edge]" fullname="tests/test_reviews_page.py::Test_Reviews_Page::test_main_header[edge]" methodname="test_main_header[edge]" classname="Test_Reviews_Page" runstate="Runnable" seed="1" result="Passed" label="" start-time="2022-10-05 18:40:44.206558" end-time="2022-10-05 18:40:46.677030" duration="2.470472" asserts="0"><properties><property name="python-version" value="3.10.5 (tags/v3.10.5:f377153, Jun  6 2022, 16:14:13) [MSC v.1929 64 bit (AMD64)]" /><property name="fspath" value="tests/test_reviews_page.py" /></properties><environment framework-version="3.6.2" clr-version="3.10.5 (tags/v3.10.5:f377153, Jun  6 2022, 16:14:13) [MSC v.1929 64 bit (AMD64)]" os-version="10" platform="Windows" cwd="C:\Users\logan.ferrera\Desktop\SeleniumAzure" machine-name="AMD64" user="" user-domain="" culture="en_US" uiculture="en_US" os-architecture="64bit" /><failure><message><![CDATA[[gw2] win32 -- Python 3.10.5 C:\Users\logan.ferrera\AppData\Local\Programs\Python\Python310\python.exe]]></message><stack-trace><![CDATA[None]]></stack-trace></failure><reason><message><![CDATA[]]></message></reason><output><![CDATA[]]></output></test-case><test-case id="101" name="tests/test_reviews_page.py::Test_Reviews_Page::test_main_header[chrome]" fullname="tests/test_reviews_page.py::Test_Reviews_Page::test_main_header[chrome]" methodname="test_main_header[chrome]" classname="Test_Reviews_Page" runstate="Runnable" seed="1" result="Passed" label="" start-time="2022-10-05 18:40:44.940517" end-time="2022-10-05 18:41:03.553804" duration="18.613287" asserts="0"><properties><property name="python-version" value="3.10.5 (tags/v3.10.5:f377153, Jun  6 2022, 16:14:13) [MSC v.1929 64 bit (AMD64)]" /><property name="fspath" value="tests/test_reviews_page.py" /></properties><environment framework-version="3.6.2" clr-version="3.10.5 (tags/v3.10.5:f377153, Jun  6 2022, 16:14:13) [MSC v.1929 64 bit (AMD64)]" os-version="10" platform="Windows" cwd="C:\Users\logan.ferrera\Desktop\SeleniumAzure" machine-name="AMD64" user="" user-domain="" culture="en_US" uiculture="en_US" os-architecture="64bit" /><failure><message><![CDATA[[gw1] win32 -- Python 3.10.5 C:\Users\logan.ferrera\AppData\Local\Programs\Python\Python310\python.exe]]></message><stack-trace><![CDATA[None]]></stack-trace></failure><reason><message><![CDATA[]]></message></reason><output><![CDATA[]]></output></test-case><test-case id="102" name="tests/test_reviews_page.py::Test_Reviews_Page::test_main_header[firefox]" fullname="tests/test_reviews_page.py::Test_Reviews_Page::test_main_header[firefox]" methodname="test_main_header[firefox]" classname="Test_Reviews_Page" runstate="Runnable" seed="1" result="Passed" label="" start-time="2022-10-05 18:40:47.530989" end-time="2022-10-05 18:40:51.244048" duration="3.713059" asserts="0"><properties><property name="python-version" value="3.10.5 (tags/v3.10.5:f377153, Jun  6 2022, 16:14:13) [MSC v.1929 64 bit (AMD64)]" /><property name="fspath" value="tests/test_reviews_page.py" /></properties><environment framework-version="3.6.2" clr-version="3.10.5 (tags/v3.10.5:f377153, Jun  6 2022, 16:14:13) [MSC v.1929 64 bit (AMD64)]" os-version="10" platform="Windows" cwd="C:\Users\logan.ferrera\Desktop\SeleniumAzure" machine-name="AMD64" user="" user-domain="" culture="en_US" uiculture="en_US" os-architecture="64bit" /><failure><message><![CDATA[[gw0] win32 -- Python 3.10.5 C:\Users\logan.ferrera\AppData\Local\Programs\Python\Python310\python.exe]]></message><stack-trace><![CDATA[None]]></stack-trace></failure><reason><message><![CDATA[]]></message></reason><output><![CDATA[]]></output></test-case><test-case id="103" name="tests/test_reviews_page.py::Test_Reviews_Page::test_view_1_header[edge]" fullname="tests/test_reviews_page.py::Test_Reviews_Page::test_view_1_header[edge]" methodname="test_view_1_header[edge]" classname="Test_Reviews_Page" runstate="Runnable" seed="1" result="Passed" label="" start-time="2022-10-05 18:40:54.425342" end-time="2022-10-05 18:40:57.005299" duration="2.579957" asserts="0"><properties><property name="python-version" value="3.10.5 (tags/v3.10.5:f377153, Jun  6 2022, 16:14:13) [MSC v.1929 64 bit (AMD64)]" /><property name="fspath" value="tests/test_reviews_page.py" /></properties><environment framework-version="3.6.2" clr-version="3.10.5 (tags/v3.10.5:f377153, Jun  6 2022, 16:14:13) [MSC v.1929 64 bit (AMD64)]" os-version="10" platform="Windows" cwd="C:\Users\logan.ferrera\Desktop\SeleniumAzure" machine-name="AMD64" user="" user-domain="" culture="en_US" uiculture="en_US" os-architecture="64bit" /><failure><message><![CDATA[[gw2] win32 -- Python 3.10.5 C:\Users\logan.ferrera\AppData\Local\Programs\Python\Python310\python.exe]]></message><stack-trace><![CDATA[None]]></stack-trace></failure><reason><message><![CDATA[]]></message></reason><output><![CDATA[]]></output></test-case><test-case id="104" name="tests/test_reviews_page.py::Test_Reviews_Page::test_view_1_rating_values[edge]" fullname="tests/test_reviews_page.py::Test_Reviews_Page::test_view_1_rating_values[edge]" methodname="test_view_1_rating_values[edge]" classname="Test_Reviews_Page" runstate="Runnable" seed="1" result="Passed" label="" start-time="2022-10-05 18:41:02.937075" end-time="2022-10-05 18:41:05.437303" duration="2.500228" asserts="0"><properties><property name="python-version" value="3.10.5 (tags/v3.10.5:f377153, Jun  6 2022, 16:14:13) [MSC v.1929 64 bit (AMD64)]" /><property name="fspath" value="tests/test_reviews_page.py" /></properties><environment framework-version="3.6.2" clr-version="3.10.5 (tags/v3.10.5:f377153, Jun  6 2022, 16:14:13) [MSC v.1929 64 bit (AMD64)]" os-version="10" platform="Windows" cwd="C:\Users\logan.ferrera\Desktop\SeleniumAzure" machine-name="AMD64" user="" user-domain="" culture="en_US" uiculture="en_US" os-architecture="64bit" /><failure><message><![CDATA[[gw2] win32 -- Python 3.10.5 C:\Users\logan.ferrera\AppData\Local\Programs\Python\Python310\python.exe]]></message><stack-trace><![CDATA[None]]></stack-trace></failure><reason><message><![CDATA[]]></message></reason><output><![CDATA[]]></output></test-case><environment framework-version="3.6.2" clr-version="3.10.5 (tags/v3.10.5:f377153, Jun  6 2022, 16:14:13) [MSC v.1929 64 bit (AMD64)]" os-version="10" platform="Windows" cwd="C:\Users\logan.ferrera\Desktop\SeleniumAzure" machine-name="AMD64" user="" user-domain="" culture="en_US" uiculture="en_US" os-architecture="64bit" /></test-suite></test-run>